1458515677.28 Sun Mar 20 23:14:37 2016: File opened.
1458515677.29 Sun Mar 20 23:14:37 2016: Door 1 has opened.
1458515677.29 Sun Mar 20 23:14:37 2016: Door 2 has opened.
1458515737.29 Sun Mar 20 23:15:37 2016: Door 1 has been open for 1 minutes.
1458515737.29 Sun Mar 20 23:15:37 2016: Door 2 has been open for 1 minutes.
1458515797.3 Sun Mar 20 23:16:37 2016: Door 2 has been open for 2 minutes.
1458515797.3 Sun Mar 20 23:16:37 2016: Door 1 has been open for 2 minutes.
1458519674.35 Sun Mar 20 19:21:14 2016: File opened.
1458519674.35 Sun Mar 20 19:21:14 2016: Door 1 has opened.
1458519674.35 Sun Mar 20 19:21:14 2016: Door 2 has opened.
1458519734.36 Sun Mar 20 19:22:14 2016: Door 1 has been open for 1 minutes.
1458519734.36 Sun Mar 20 19:22:14 2016: Door 2 has been open for 1 minutes.
1458519794.35 Sun Mar 20 19:23:14 2016: Door 1 has been open for 2 minutes.
1458519794.36 Sun Mar 20 19:23:14 2016: Door 2 has been open for 2 minutes.
1458519854.35 Sun Mar 20 19:24:14 2016: Door 1 has been open for 3 minutes.
1458519854.36 Sun Mar 20 19:24:14 2016: Door 2 has been open for 3 minutes.
1458519914.35 Sun Mar 20 19:25:14 2016: Door 1 has been open for 4 minutes.
1458519914.36 Sun Mar 20 19:25:14 2016: Door 2 has been open for 4 minutes.
1458519974.36 Sun Mar 20 19:26:14 2016: Door 1 has been open for 5 minutes.
1458519974.37 Sun Mar 20 19:26:14 2016: Door 2 has been open for 5 minutes.
1458520034.38 Sun Mar 20 19:27:14 2016: Door 2 has been open for 6 minutes.
1458520034.38 Sun Mar 20 19:27:14 2016: Door 1 has been open for 6 minutes.
1458520094.41 Sun Mar 20 19:28:14 2016: Door 2 has been open for 7 minutes.
1458520094.41 Sun Mar 20 19:28:14 2016: Door 1 has been open for 7 minutes.
1458520154.41 Sun Mar 20 19:29:14 2016: Door 1 has been open for 8 minutes.
1458520154.41 Sun Mar 20 19:29:14 2016: Door 2 has been open for 8 minutes.
1458520214.42 Sun Mar 20 19:30:14 2016: Door 1 has been open for 9 minutes.
1458520214.43 Sun Mar 20 19:30:14 2016: Door 2 has been open for 9 minutes.
1458520274.42 Sun Mar 20 19:31:14 2016: Door 1 has been open for 10 minutes.
1458520274.43 Sun Mar 20 19:31:14 2016: Door 2 has been open for 10 minutes.
1458520334.43 Sun Mar 20 19:32:14 2016: Door 1 has been open for 11 minutes.
1458520334.43 Sun Mar 20 19:32:14 2016: Door 2 has been open for 11 minutes.
1458520394.43 Sun Mar 20 19:33:14 2016: Door 1 has been open for 12 minutes.
1458520394.44 Sun Mar 20 19:33:14 2016: Door 2 has been open for 12 minutes.
1458520454.44 Sun Mar 20 19:34:14 2016: Door 2 has been open for 13 minutes.
1458520454.44 Sun Mar 20 19:34:14 2016: Door 1 has been open for 13 minutes.
1458520514.44 Sun Mar 20 19:35:14 2016: Door 2 has been open for 14 minutes.
1458520514.45 Sun Mar 20 19:35:14 2016: Door 1 has been open for 14 minutes.
1458520574.44 Sun Mar 20 19:36:14 2016: Door 2 has been open for 15 minutes.
1458520574.45 Sun Mar 20 19:36:14 2016: Door 1 has been open for 15 minutes.
1458520634.45 Sun Mar 20 19:37:14 2016: Door 1 has been open for 16 minutes.
1458520634.46 Sun Mar 20 19:37:14 2016: Door 2 has been open for 16 minutes.
1458520694.45 Sun Mar 20 19:38:14 2016: Door 1 has been open for 17 minutes.
1458520694.46 Sun Mar 20 19:38:14 2016: Door 2 has been open for 17 minutes.
1458520754.45 Sun Mar 20 19:39:14 2016: Door 1 has been open for 18 minutes.
1458520754.46 Sun Mar 20 19:39:14 2016: Door 2 has been open for 18 minutes.
1458520814.46 Sun Mar 20 19:40:14 2016: Door 1 has been open for 19 minutes.
1458520814.46 Sun Mar 20 19:40:14 2016: Door 2 has been open for 19 minutes.
1458520874.47 Sun Mar 20 19:41:14 2016: Door 1 has been open for 20 minutes.
1458520874.48 Sun Mar 20 19:41:14 2016: Door 2 has been open for 20 minutes.
1458520934.47 Sun Mar 20 19:42:14 2016: Door 1 has been open for 21 minutes.
1458520934.48 Sun Mar 20 19:42:14 2016: Door 2 has been open for 21 minutes.
1458520994.47 Sun Mar 20 19:43:14 2016: Door 1 has been open for 22 minutes.
1458520994.48 Sun Mar 20 19:43:14 2016: Door 2 has been open for 22 minutes.
1458521054.48 Sun Mar 20 19:44:14 2016: Door 1 has been open for 23 minutes.
1458521054.49 Sun Mar 20 19:44:14 2016: Door 2 has been open for 23 minutes.
1458525172.55 Sun Mar 20 20:52:52 2016: File opened.
1458525172.55 Sun Mar 20 20:52:52 2016: Door 1 has opened.
1458525172.55 Sun Mar 20 20:52:52 2016: Door 2 has opened.
1458525232.55 Sun Mar 20 20:53:52 2016: Door 1 has been open for 1 minutes.
1458525232.56 Sun Mar 20 20:53:52 2016: Door 2 has been open for 1 minutes.
1458525292.55 Sun Mar 20 20:54:52 2016: Door 1 has been open for 2 minutes.
1458525292.57 Sun Mar 20 20:54:52 2016: Door 2 has been open for 2 minutes.
1458525352.55 Sun Mar 20 20:55:52 2016: Door 1 has been open for 3 minutes.
1458525352.58 Sun Mar 20 20:55:52 2016: Door 2 has been open for 3 minutes.
1458525412.55 Sun Mar 20 20:56:52 2016: Door 1 has been open for 4 minutes.
1458525412.6 Sun Mar 20 20:56:52 2016: Door 2 has been open for 4 minutes.
1458525472.56 Sun Mar 20 20:57:52 2016: Door 1 has been open for 5 minutes.
1458525472.6 Sun Mar 20 20:57:52 2016: Door 2 has been open for 5 minutes.
1458525532.56 Sun Mar 20 20:58:52 2016: Door 1 has been open for 6 minutes.
1458525532.61 Sun Mar 20 20:58:52 2016: Door 2 has been open for 6 minutes.
1458525592.56 Sun Mar 20 20:59:52 2016: Door 1 has been open for 7 minutes.
1458525592.61 Sun Mar 20 20:59:52 2016: Door 2 has been open for 7 minutes.
1458525652.57 Sun Mar 20 21:00:52 2016: Door 1 has been open for 8 minutes.
1458525652.61 Sun Mar 20 21:00:52 2016: Door 2 has been open for 8 minutes.
1458525712.57 Sun Mar 20 21:01:52 2016: Door 1 has been open for 9 minutes.
1458525712.63 Sun Mar 20 21:01:52 2016: Door 2 has been open for 9 minutes.
1458525772.57 Sun Mar 20 21:02:52 2016: Door 1 has been open for 10 minutes.
1458525772.63 Sun Mar 20 21:02:52 2016: Door 2 has been open for 10 minutes.
1458525832.57 Sun Mar 20 21:03:52 2016: Door 1 has been open for 11 minutes.
1458525832.64 Sun Mar 20 21:03:52 2016: Door 2 has been open for 11 minutes.
1458525892.58 Sun Mar 20 21:04:52 2016: Door 1 has been open for 12 minutes.
1458525892.64 Sun Mar 20 21:04:52 2016: Door 2 has been open for 12 minutes.
1458525952.59 Sun Mar 20 21:05:52 2016: Door 1 has been open for 13 minutes.
1458525952.65 Sun Mar 20 21:05:52 2016: Door 2 has been open for 13 minutes.
1458526012.6 Sun Mar 20 21:06:52 2016: Door 1 has been open for 14 minutes.
1458526012.65 Sun Mar 20 21:06:52 2016: Door 2 has been open for 14 minutes.
1458526072.61 Sun Mar 20 21:07:52 2016: Door 1 has been open for 15 minutes.
1458526072.65 Sun Mar 20 21:07:52 2016: Door 2 has been open for 15 minutes.
1458526132.61 Sun Mar 20 21:08:52 2016: Door 1 has been open for 16 minutes.
1458526132.66 Sun Mar 20 21:08:52 2016: Door 2 has been open for 16 minutes.
1458526192.62 Sun Mar 20 21:09:52 2016: Door 1 has been open for 17 minutes.
1458526192.66 Sun Mar 20 21:09:52 2016: Door 2 has been open for 17 minutes.
1458526252.62 Sun Mar 20 21:10:52 2016: Door 1 has been open for 18 minutes.
1458526252.66 Sun Mar 20 21:10:52 2016: Door 2 has been open for 18 minutes.
1458526312.62 Sun Mar 20 21:11:52 2016: Door 1 has been open for 19 minutes.
1458526312.66 Sun Mar 20 21:11:52 2016: Door 2 has been open for 19 minutes.
1458526372.62 Sun Mar 20 21:12:52 2016: Door 1 has been open for 20 minutes.
1458526372.66 Sun Mar 20 21:12:52 2016: Door 2 has been open for 20 minutes.
1458526432.63 Sun Mar 20 21:13:52 2016: Door 1 has been open for 21 minutes.
1458526432.68 Sun Mar 20 21:13:52 2016: Door 2 has been open for 21 minutes.
1458526492.63 Sun Mar 20 21:14:52 2016: Door 1 has been open for 22 minutes.
1458526492.68 Sun Mar 20 21:14:52 2016: Door 2 has been open for 22 minutes.
1458526552.63 Sun Mar 20 21:15:52 2016: Door 1 has been open for 23 minutes.
1458526552.68 Sun Mar 20 21:15:52 2016: Door 2 has been open for 23 minutes.
1458526612.63 Sun Mar 20 21:16:52 2016: Door 1 has been open for 24 minutes.
1458526612.68 Sun Mar 20 21:16:52 2016: Door 2 has been open for 24 minutes.
1458526672.63 Sun Mar 20 21:17:52 2016: Door 1 has been open for 25 minutes.
1458526672.68 Sun Mar 20 21:17:52 2016: Door 2 has been open for 25 minutes.
1458526732.63 Sun Mar 20 21:18:52 2016: Door 1 has been open for 26 minutes.
1458526732.68 Sun Mar 20 21:18:52 2016: Door 2 has been open for 26 minutes.
1458526792.63 Sun Mar 20 21:19:52 2016: Door 1 has been open for 27 minutes.
1458526792.68 Sun Mar 20 21:19:52 2016: Door 2 has been open for 27 minutes.
1458526852.63 Sun Mar 20 21:20:52 2016: Door 1 has been open for 28 minutes.
1458526852.68 Sun Mar 20 21:20:52 2016: Door 2 has been open for 28 minutes.
1458526912.63 Sun Mar 20 21:21:52 2016: Door 1 has been open for 29 minutes.
1458526912.68 Sun Mar 20 21:21:52 2016: Door 2 has been open for 29 minutes.
1458526972.63 Sun Mar 20 21:22:52 2016: Door 1 has been open for 30 minutes.
1458526972.68 Sun Mar 20 21:22:52 2016: Door 2 has been open for 30 minutes.
1458527032.64 Sun Mar 20 21:23:52 2016: Door 1 has been open for 31 minutes.
1458527032.68 Sun Mar 20 21:23:52 2016: Door 2 has been open for 31 minutes.
1458527092.64 Sun Mar 20 21:24:52 2016: Door 1 has been open for 32 minutes.
1458527092.7 Sun Mar 20 21:24:52 2016: Door 2 has been open for 32 minutes.
1458527152.64 Sun Mar 20 21:25:52 2016: Door 1 has been open for 33 minutes.
1458527152.7 Sun Mar 20 21:25:52 2016: Door 2 has been open for 33 minutes.
1458527212.64 Sun Mar 20 21:26:52 2016: Door 1 has been open for 34 minutes.
1458527212.7 Sun Mar 20 21:26:52 2016: Door 2 has been open for 34 minutes.
1458527272.65 Sun Mar 20 21:27:52 2016: Door 1 has been open for 35 minutes.
1458527272.71 Sun Mar 20 21:27:52 2016: Door 2 has been open for 35 minutes.
1458527332.65 Sun Mar 20 21:28:52 2016: Door 1 has been open for 36 minutes.
1458527332.71 Sun Mar 20 21:28:52 2016: Door 2 has been open for 36 minutes.
1458527392.65 Sun Mar 20 21:29:52 2016: Door 1 has been open for 37 minutes.
1458527392.72 Sun Mar 20 21:29:52 2016: Door 2 has been open for 37 minutes.
1458527452.65 Sun Mar 20 21:30:52 2016: Door 1 has been open for 38 minutes.
1458527452.72 Sun Mar 20 21:30:52 2016: Door 2 has been open for 38 minutes.
1458527512.66 Sun Mar 20 21:31:52 2016: Door 1 has been open for 39 minutes.
1458527512.72 Sun Mar 20 21:31:52 2016: Door 2 has been open for 39 minutes.
1458527572.66 Sun Mar 20 21:32:52 2016: Door 1 has been open for 40 minutes.
1458527572.73 Sun Mar 20 21:32:52 2016: Door 2 has been open for 40 minutes.
1458527653.13 Sun Mar 20 21:34:13 2016: File opened.
1458527653.15 Sun Mar 20 21:34:13 2016: Door 1 has opened.
1458527653.16 Sun Mar 20 21:34:13 2016: Door 2 has opened.
1458527713.16 Sun Mar 20 21:35:13 2016: Door 1 has been open for 1 minutes.
1458527713.16 Sun Mar 20 21:35:13 2016: Door 2 has been open for 1 minutes.
1458527773.16 Sun Mar 20 21:36:13 2016: Door 1 has been open for 2 minutes.
1458527773.17 Sun Mar 20 21:36:13 2016: Door 2 has been open for 2 minutes.
1458527833.16 Sun Mar 20 21:37:13 2016: Door 1 has been open for 3 minutes.
1458527833.17 Sun Mar 20 21:37:13 2016: Door 2 has been open for 3 minutes.
1458527893.16 Sun Mar 20 21:38:13 2016: Door 1 has been open for 4 minutes.
1458527893.17 Sun Mar 20 21:38:13 2016: Door 2 has been open for 4 minutes.
1458527953.16 Sun Mar 20 21:39:13 2016: Door 1 has been open for 5 minutes.
1458527953.17 Sun Mar 20 21:39:13 2016: Door 2 has been open for 5 minutes.
1458528013.16 Sun Mar 20 21:40:13 2016: Door 1 has been open for 6 minutes.
1458528013.17 Sun Mar 20 21:40:13 2016: Door 2 has been open for 6 minutes.
1458528073.16 Sun Mar 20 21:41:13 2016: Door 1 has been open for 7 minutes.
1458528073.19 Sun Mar 20 21:41:13 2016: Door 2 has been open for 7 minutes.
1458528133.17 Sun Mar 20 21:42:13 2016: Door 1 has been open for 8 minutes.
1458528133.2 Sun Mar 20 21:42:13 2016: Door 2 has been open for 8 minutes.
1458528193.18 Sun Mar 20 21:43:13 2016: Door 1 has been open for 9 minutes.
1458528193.2 Sun Mar 20 21:43:13 2016: Door 2 has been open for 9 minutes.
1458528253.18 Sun Mar 20 21:44:13 2016: Door 1 has been open for 10 minutes.
1458528253.2 Sun Mar 20 21:44:13 2016: Door 2 has been open for 10 minutes.
1458528313.18 Sun Mar 20 21:45:13 2016: Door 1 has been open for 11 minutes.
1458528313.21 Sun Mar 20 21:45:13 2016: Door 2 has been open for 11 minutes.
1458528373.2 Sun Mar 20 21:46:13 2016: Door 1 has been open for 12 minutes.
1458528373.22 Sun Mar 20 21:46:13 2016: Door 2 has been open for 12 minutes.
1458528433.2 Sun Mar 20 21:47:13 2016: Door 1 has been open for 13 minutes.
1458528433.22 Sun Mar 20 21:47:13 2016: Door 2 has been open for 13 minutes.
1458528493.2 Sun Mar 20 21:48:13 2016: Door 1 has been open for 14 minutes.
1458528493.22 Sun Mar 20 21:48:13 2016: Door 2 has been open for 14 minutes.
1458528553.2 Sun Mar 20 21:49:13 2016: Door 1 has been open for 15 minutes.
1458528553.22 Sun Mar 20 21:49:13 2016: Door 2 has been open for 15 minutes.
1458528613.2 Sun Mar 20 21:50:13 2016: Door 1 has been open for 16 minutes.
1458528613.22 Sun Mar 20 21:50:13 2016: Door 2 has been open for 16 minutes.
1458528673.2 Sun Mar 20 21:51:13 2016: Door 1 has been open for 17 minutes.
1458528673.22 Sun Mar 20 21:51:13 2016: Door 2 has been open for 17 minutes.
1458528733.2 Sun Mar 20 21:52:13 2016: Door 1 has been open for 18 minutes.
1458528733.22 Sun Mar 20 21:52:13 2016: Door 2 has been open for 18 minutes.
1458529558.1 Sun Mar 20 22:05:58 2016: 0 File opened.
1458529558.12 Sun Mar 20 22:05:58 2016: 1 Door 1 has opened.
1458529558.12 Sun Mar 20 22:05:58 2016: 2 Door 2 has opened.
1458529618.13 Sun Mar 20 22:06:58 2016: 1 Door 1 has been open for 1 minutes.
1458529618.14 Sun Mar 20 22:06:58 2016: 2 Door 2 has been open for 1 minutes.
1458529660.03 0 Sun Mar 20 22:07:40 2016: File opened.
1458529660.04 1 Sun Mar 20 22:07:40 2016: Door 1 has opened.
1458529660.04 2 Sun Mar 20 22:07:40 2016: Door 2 has opened.
1458531358.19 0 Sun Mar 20 22:35:58 2016: File opened.
1458531358.19 1 Sun Mar 20 22:35:58 2016: Door 1 has opened.
1458531358.2 2 Sun Mar 20 22:35:58 2016: Door 2 has opened.
1458531418.2 1 Sun Mar 20 22:36:58 2016: Door 1 has been open for 1 minutes.
1458531418.2 2 Sun Mar 20 22:36:58 2016: Door 2 has been open for 1 minutes.
1458531695.06 0 Sun Mar 20 22:41:35 2016: File opened.
1458531705.07 1 Sun Mar 20 22:41:45 2016: Door 1 has opened.
1458531705.07 2 Sun Mar 20 22:41:45 2016: Door 2 has opened.
1458531765.13 1 Sun Mar 20 22:42:45 2016: Door 1 has been open for 1 minutes.
1458531765.13 2 Sun Mar 20 22:42:45 2016: Door 2 has been open for 1 minutes.
1458531825.19 1 Sun Mar 20 22:43:45 2016: Door 1 has been open for 2 minutes.
1458531825.19 2 Sun Mar 20 22:43:45 2016: Door 2 has been open for 2 minutes.
1458531876.71 0 Sun Mar 20 22:44:36 2016: File opened.
1458531886.71 1 Sun Mar 20 22:44:46 2016: Door 1 has opened.
1458531886.71 2 Sun Mar 20 22:44:46 2016: Door 2 has opened.
1458531946.77 1 Sun Mar 20 22:45:46 2016: Door 1 has been open for 1 minutes.
1458531946.77 2 Sun Mar 20 22:45:46 2016: Door 2 has been open for 1 minutes.
1458532006.83 1 Sun Mar 20 22:46:46 2016: Door 1 has been open for 2 minutes.
1458532006.83 2 Sun Mar 20 22:46:46 2016: Door 2 has been open for 2 minutes.
1458532066.89 1 Sun Mar 20 22:47:46 2016: Door 1 has been open for 3 minutes.
1458532066.89 2 Sun Mar 20 22:47:46 2016: Door 2 has been open for 3 minutes.
1458532126.95 1 Sun Mar 20 22:48:46 2016: Door 1 has been open for 4 minutes.
1458532126.95 2 Sun Mar 20 22:48:46 2016: Door 2 has been open for 4 minutes.
1458532187.0 1 Sun Mar 20 22:49:46 2016: Door 1 has been open for 5 minutes.
1458532187.0 2 Sun Mar 20 22:49:47 2016: Door 2 has been open for 5 minutes.
1458532247.06 1 Sun Mar 20 22:50:47 2016: Door 1 has been open for 6 minutes.
1458532247.06 2 Sun Mar 20 22:50:47 2016: Door 2 has been open for 6 minutes.
1458532307.12 1 Sun Mar 20 22:51:47 2016: Door 1 has been open for 7 minutes.
1458532307.12 2 Sun Mar 20 22:51:47 2016: Door 2 has been open for 7 minutes.
1458532367.18 1 Sun Mar 20 22:52:47 2016: Door 1 has been open for 8 minutes.
1458532367.18 2 Sun Mar 20 22:52:47 2016: Door 2 has been open for 8 minutes.
