Wed Dec  5 21:28:34 2018: GD1 write to: api.telegram.org/bot653982692:AAFuir8ehIWhTCc9wGKoDnaG3XfXPO2Z3uY
Wed Dec  5 21:28:35 2018: GD2 write to: api.telegram.org/bot653982692:AAFuir8ehIWhTCc9wGKoDnaG3XfXPO2Z3uY
Wed Dec  5 21:33:37 2018: GD1 write to: api.telegram.org/bot653982692:AAFuir8ehIWhTCc9wGKoDnaG3XfXPO2Z3uY
Wed Dec  5 21:33:38 2018: GD2 write to: api.telegram.org/bot653982692:AAFuir8ehIWhTCc9wGKoDnaG3XfXPO2Z3uY
Wed Dec  5 21:43:09 2018: GD1 write to: api.telegram.org/bot653982692:AAFuir8ehIWhTCc9wGKoDnaG3XfXPO2Z3uY
Wed Dec  5 21:43:10 2018: GD2 write to: api.telegram.org/bot653982692:AAFuir8ehIWhTCc9wGKoDnaG3XfXPO2Z3uY
Wed Dec  5 21:53:14 2018: GD1 write to: api.telegram.org/bot653982692:AAFuir8ehIWhTCc9wGKoDnaG3XfXPO2Z3uY
Wed Dec  5 21:53:15 2018: GD2 write to: api.telegram.org/bot653982692:AAFuir8ehIWhTCc9wGKoDnaG3XfXPO2Z3uY
Wed Dec  5 22:03:09 2018: GD1 write to: api.telegram.org/bot653982692:AAFuir8ehIWhTCc9wGKoDnaG3XfXPO2Z3uY
Wed Dec  5 22:03:10 2018: GD2 write to: api.telegram.org/bot653982692:AAFuir8ehIWhTCc9wGKoDnaG3XfXPO2Z3uY
Wed Dec  5 22:13:14 2018: GD1 write to: api.telegram.org/bot653982692:AAFuir8ehIWhTCc9wGKoDnaG3XfXPO2Z3uY
Wed Dec  5 22:13:15 2018: GD2 write to: api.telegram.org/bot653982692:AAFuir8ehIWhTCc9wGKoDnaG3XfXPO2Z3uY
Sat Dec  8 08:17:18 2018: GD1 write to: api.telegram.org/bot653982692:AAFuir8ehIWhTCc9wGKoDnaG3XfXPO2Z3uY
Sat Dec  8 08:17:20 2018: GD2 write to: api.telegram.org/bot653982692:AAFuir8ehIWhTCc9wGKoDnaG3XfXPO2Z3uY
Sat Dec  8 08:34:25 2018: GD1 write to: api.telegram.org/bot653982692:AAFuir8ehIWhTCc9wGKoDnaG3XfXPO2Z3uY
Sat Dec  8 08:34:26 2018: GD2 write to: api.telegram.org/bot653982692:AAFuir8ehIWhTCc9wGKoDnaG3XfXPO2Z3uY
Sat Dec  8 08:44:20 2018: GD1 write to: api.telegram.org/bot653982692:AAFuir8ehIWhTCc9wGKoDnaG3XfXPO2Z3uY
Sat Dec  8 08:44:20 2018: GD2 write to: api.telegram.org/bot653982692:AAFuir8ehIWhTCc9wGKoDnaG3XfXPO2Z3uY
Sat Dec  8 08:49:13 2018: GD1 write to: api.telegram.org/bot653982692:AAFuir8ehIWhTCc9wGKoDnaG3XfXPO2Z3uY
Sat Dec  8 08:49:14 2018: GD2 write to: api.telegram.org/bot653982692:AAFuir8ehIWhTCc9wGKoDnaG3XfXPO2Z3uY
Sat Dec  8 08:49:39 2018: GD1 write to: api.telegram.org/bot653982692:AAFuir8ehIWhTCc9wGKoDnaG3XfXPO2Z3uY
Sat Dec  8 08:49:40 2018: GD2 write to: api.telegram.org/bot653982692:AAFuir8ehIWhTCc9wGKoDnaG3XfXPO2Z3uY
Sat Dec  8 08:49:40 2018: GD1 write to: api.telegram.org/bot653982692:AAFuir8ehIWhTCc9wGKoDnaG3XfXPO2Z3uY
Sat Dec  8 08:49:41 2018: GD2 write to: api.telegram.org/bot653982692:AAFuir8ehIWhTCc9wGKoDnaG3XfXPO2Z3uY
Sat Dec  8 08:57:21 2018: GD1 write to: api.telegram.org/bot653982692:AAFuir8ehIWhTCc9wGKoDnaG3XfXPO2Z3uY
Sat Dec  8 08:57:21 2018: GD2 write to: api.telegram.org/bot653982692:AAFuir8ehIWhTCc9wGKoDnaG3XfXPO2Z3uY
Sat Dec  8 08:57:48 2018: GD1 write to: api.telegram.org/bot653982692:AAFuir8ehIWhTCc9wGKoDnaG3XfXPO2Z3uY
Sat Dec  8 08:57:48 2018: GD2 write to: api.telegram.org/bot653982692:AAFuir8ehIWhTCc9wGKoDnaG3XfXPO2Z3uY
Sat Dec  8 08:57:49 2018: GD1 write to: api.telegram.org/bot653982692:AAFuir8ehIWhTCc9wGKoDnaG3XfXPO2Z3uY
Sat Dec  8 08:57:50 2018: GD2 write to: api.telegram.org/bot653982692:AAFuir8ehIWhTCc9wGKoDnaG3XfXPO2Z3uY
Sat Dec  8 08:58:49 2018: GD1 write to: api.telegram.org/bot653982692:AAFuir8ehIWhTCc9wGKoDnaG3XfXPO2Z3uY
Sat Dec  8 08:58:49 2018: GD2 write to: api.telegram.org/bot653982692:AAFuir8ehIWhTCc9wGKoDnaG3XfXPO2Z3uY
Sat Dec  8 08:58:50 2018: GD1 write to: api.telegram.org/bot653982692:AAFuir8ehIWhTCc9wGKoDnaG3XfXPO2Z3uY
Sat Dec  8 08:58:51 2018: GD2 write to: api.telegram.org/bot653982692:AAFuir8ehIWhTCc9wGKoDnaG3XfXPO2Z3uY
Sat Dec  8 08:58:52 2018: GD1 write to: api.telegram.org/bot653982692:AAFuir8ehIWhTCc9wGKoDnaG3XfXPO2Z3uY
Sat Dec  8 08:58:52 2018: GD2 write to: api.telegram.org/bot653982692:AAFuir8ehIWhTCc9wGKoDnaG3XfXPO2Z3uY
Sat Dec  8 09:05:31 2018: GD1 write to: api.telegram.org/bot653982692:AAFuir8ehIWhTCc9wGKoDnaG3XfXPO2Z3uY
Sat Dec  8 09:05:32 2018: GD2 write to: api.telegram.org/bot653982692:AAFuir8ehIWhTCc9wGKoDnaG3XfXPO2Z3uY
Sat Dec  8 09:05:35 2018: GD1 write to: api.telegram.org/bot653982692:AAFuir8ehIWhTCc9wGKoDnaG3XfXPO2Z3uY
Sat Dec  8 09:05:36 2018: GD2 write to: api.telegram.org/bot653982692:AAFuir8ehIWhTCc9wGKoDnaG3XfXPO2Z3uY
Sat Dec  8 09:08:44 2018: GD1 write to: api.telegram.org/bot653982692:AAFuir8ehIWhTCc9wGKoDnaG3XfXPO2Z3uY
Sat Dec  8 09:08:44 2018: GD2 write to: api.telegram.org/bot653982692:AAFuir8ehIWhTCc9wGKoDnaG3XfXPO2Z3uY
Sat Dec  8 09:08:48 2018: GD1 write to: api.telegram.org/bot653982692:AAFuir8ehIWhTCc9wGKoDnaG3XfXPO2Z3uY
Sat Dec  8 09:08:48 2018: GD2 write to: api.telegram.org/bot653982692:AAFuir8ehIWhTCc9wGKoDnaG3XfXPO2Z3uY
Sat Dec  8 09:15:31 2018: GD1 write to: api.telegram.org/bot653982692:AAFuir8ehIWhTCc9wGKoDnaG3XfXPO2Z3uY
Sat Dec  8 09:15:32 2018: GD2 write to: api.telegram.org/bot653982692:AAFuir8ehIWhTCc9wGKoDnaG3XfXPO2Z3uY
Sat Dec  8 09:15:37 2018: GD1 write to: api.telegram.org/bot653982692:AAFuir8ehIWhTCc9wGKoDnaG3XfXPO2Z3uY
Sat Dec  8 09:15:38 2018: GD2 write to: api.telegram.org/bot653982692:AAFuir8ehIWhTCc9wGKoDnaG3XfXPO2Z3uY
Sat Dec  8 09:18:44 2018: GD1 write to: api.telegram.org/bot653982692:AAFuir8ehIWhTCc9wGKoDnaG3XfXPO2Z3uY
Sat Dec  8 09:18:45 2018: GD2 write to: api.telegram.org/bot653982692:AAFuir8ehIWhTCc9wGKoDnaG3XfXPO2Z3uY
Sat Dec  8 09:18:50 2018: GD1 write to: api.telegram.org/bot653982692:AAFuir8ehIWhTCc9wGKoDnaG3XfXPO2Z3uY
Sat Dec  8 09:18:50 2018: GD2 write to: api.telegram.org/bot653982692:AAFuir8ehIWhTCc9wGKoDnaG3XfXPO2Z3uY
Sat Dec  8 09:25:33 2018: GD1 write to: api.telegram.org/bot653982692:AAFuir8ehIWhTCc9wGKoDnaG3XfXPO2Z3uY
Sat Dec  8 09:25:34 2018: GD2 write to: api.telegram.org/bot653982692:AAFuir8ehIWhTCc9wGKoDnaG3XfXPO2Z3uY
Sat Dec  8 09:25:38 2018: GD1 write to: api.telegram.org/bot653982692:AAFuir8ehIWhTCc9wGKoDnaG3XfXPO2Z3uY
Sat Dec  8 09:25:38 2018: GD2 write to: api.telegram.org/bot653982692:AAFuir8ehIWhTCc9wGKoDnaG3XfXPO2Z3uY
Sat Dec  8 09:28:46 2018: GD1 write to: api.telegram.org/bot653982692:AAFuir8ehIWhTCc9wGKoDnaG3XfXPO2Z3uY
Sat Dec  8 09:28:46 2018: GD2 write to: api.telegram.org/bot653982692:AAFuir8ehIWhTCc9wGKoDnaG3XfXPO2Z3uY
Sat Dec  8 09:28:50 2018: GD1 write to: api.telegram.org/bot653982692:AAFuir8ehIWhTCc9wGKoDnaG3XfXPO2Z3uY
Sat Dec  8 09:28:51 2018: GD2 write to: api.telegram.org/bot653982692:AAFuir8ehIWhTCc9wGKoDnaG3XfXPO2Z3uY
Sat Dec  8 09:35:29 2018: GD1 write to: api.telegram.org/bot653982692:AAFuir8ehIWhTCc9wGKoDnaG3XfXPO2Z3uY
Sat Dec  8 09:35:30 2018: GD2 write to: api.telegram.org/bot653982692:AAFuir8ehIWhTCc9wGKoDnaG3XfXPO2Z3uY
Sat Dec  8 09:35:34 2018: GD1 write to: api.telegram.org/bot653982692:AAFuir8ehIWhTCc9wGKoDnaG3XfXPO2Z3uY
Sat Dec  8 09:35:35 2018: GD2 write to: api.telegram.org/bot653982692:AAFuir8ehIWhTCc9wGKoDnaG3XfXPO2Z3uY
Sat Dec  8 09:38:47 2018: GD1 write to: api.telegram.org/bot653982692:AAFuir8ehIWhTCc9wGKoDnaG3XfXPO2Z3uY
Sat Dec  8 09:38:47 2018: GD2 write to: api.telegram.org/bot653982692:AAFuir8ehIWhTCc9wGKoDnaG3XfXPO2Z3uY
Sat Dec  8 09:38:52 2018: GD1 write to: api.telegram.org/bot653982692:AAFuir8ehIWhTCc9wGKoDnaG3XfXPO2Z3uY
Sat Dec  8 09:38:53 2018: GD2 write to: api.telegram.org/bot653982692:AAFuir8ehIWhTCc9wGKoDnaG3XfXPO2Z3uY
Sat Dec  8 09:45:34 2018: GD1 write to: api.telegram.org/bot653982692:AAFuir8ehIWhTCc9wGKoDnaG3XfXPO2Z3uY
Sat Dec  8 09:46:28 2018: GD1 write to: api.telegram.org/bot653982692:AAFuir8ehIWhTCc9wGKoDnaG3XfXPO2Z3uY
Sat Dec  8 09:46:28 2018: GD2 write to: api.telegram.org/bot653982692:AAFuir8ehIWhTCc9wGKoDnaG3XfXPO2Z3uY
Sat Dec  8 09:46:29 2018: GD1 write to: api.telegram.org/bot653982692:AAFuir8ehIWhTCc9wGKoDnaG3XfXPO2Z3uY
Sat Dec  8 09:46:30 2018: GD2 write to: api.telegram.org/bot653982692:AAFuir8ehIWhTCc9wGKoDnaG3XfXPO2Z3uY
Sun Dec  9 11:05:55 2018: GD1 write to: api.telegram.org/bot653982692:AAFuir8ehIWhTCc9wGKoDnaG3XfXPO2Z3uY
Sun Dec  9 11:05:56 2018: GD2 write to: api.telegram.org/bot653982692:AAFuir8ehIWhTCc9wGKoDnaG3XfXPO2Z3uY
Sun Dec  9 11:19:53 2018: GD1 write to: api.telegram.org/bot653982692:AAFuir8ehIWhTCc9wGKoDnaG3XfXPO2Z3uY
Sun Dec  9 11:19:54 2018: GD2 write to: api.telegram.org/bot653982692:AAFuir8ehIWhTCc9wGKoDnaG3XfXPO2Z3uY
Sun Dec  9 11:25:01 2018: GD1 write to: api.telegram.org/bot653982692:AAFuir8ehIWhTCc9wGKoDnaG3XfXPO2Z3uY
Tue Dec 11 09:00:03 2018: GD1 write to: api.telegram.org/bot653982692:AAFuir8ehIWhTCc9wGKoDnaG3XfXPO2Z3uY
Tue Dec 11 09:00:05 2018: GD2 write to: api.telegram.org/bot653982692:AAFuir8ehIWhTCc9wGKoDnaG3XfXPO2Z3uY
Tue Dec 11 09:08:02 2018: GD1 write to: api.telegram.org/bot653982692:AAFuir8ehIWhTCc9wGKoDnaG3XfXPO2Z3uY
Tue Dec 11 09:08:03 2018: GD2 write to: api.telegram.org/bot653982692:AAFuir8ehIWhTCc9wGKoDnaG3XfXPO2Z3uY
Tue Dec 11 10:20:34 2018: GD1 write to: api.telegram.org/bot653982692:AAFuir8ehIWhTCc9wGKoDnaG3XfXPO2Z3uY
Tue Dec 11 10:20:35 2018: GD2 write to: api.telegram.org/bot653982692:AAFuir8ehIWhTCc9wGKoDnaG3XfXPO2Z3uY
Tue Dec 11 12:36:25 2018: GD1 write to: api.telegram.org/bot653982692:AAFuir8ehIWhTCc9wGKoDnaG3XfXPO2Z3uY
Tue Dec 11 12:36:27 2018: GD2 write to: api.telegram.org/bot653982692:AAFuir8ehIWhTCc9wGKoDnaG3XfXPO2Z3uY
Tue Dec 11 12:44:58 2018: GD1 write to: api.telegram.org/bot653982692:AAFuir8ehIWhTCc9wGKoDnaG3XfXPO2Z3uY
Tue Dec 11 12:44:59 2018: GD2 write to: api.telegram.org/bot653982692:AAFuir8ehIWhTCc9wGKoDnaG3XfXPO2Z3uY
Tue Dec 11 14:41:55 2018: logMonitor Starting
Tue Dec 11 14:42:05 2018: GD1 write to: api.telegram.org/bot653982692:AAFuir8ehIWhTCc9wGKoDnaG3XfXPO2Z3uY
Tue Dec 11 14:42:05 2018: GD2 write to: api.telegram.org/bot653982692:AAFuir8ehIWhTCc9wGKoDnaG3XfXPO2Z3uY
Tue Dec 11 14:42:06 2018: GD1 write to: api.telegram.org/bot653982692:AAFuir8ehIWhTCc9wGKoDnaG3XfXPO2Z3uY
Tue Dec 11 14:42:07 2018: GD2 write to: api.telegram.org/bot653982692:AAFuir8ehIWhTCc9wGKoDnaG3XfXPO2Z3uY
Tue Dec 11 14:44:10 2018: logMonitor Starting
Tue Dec 11 14:44:20 2018: GD1 write to: api.telegram.org/bot653982692:AAFuir8ehIWhTCc9wGKoDnaG3XfXPO2Z3uY
Tue Dec 11 14:44:21 2018: GD2 write to: api.telegram.org/bot653982692:AAFuir8ehIWhTCc9wGKoDnaG3XfXPO2Z3uY
Tue Dec 11 14:44:21 2018: GD1 write to: api.telegram.org/bot653982692:AAFuir8ehIWhTCc9wGKoDnaG3XfXPO2Z3uY
Tue Dec 11 14:44:22 2018: GD2 write to: api.telegram.org/bot653982692:AAFuir8ehIWhTCc9wGKoDnaG3XfXPO2Z3uY
Tue Dec 11 14:40:41 2018: logMonitor Starting
Tue Dec 11 14:40:51 2018: GD1 write to: api.telegram.org/bot653982692:AAFuir8ehIWhTCc9wGKoDnaG3XfXPO2Z3uY
Tue Dec 11 14:40:52 2018: GD2 write to: api.telegram.org/bot653982692:AAFuir8ehIWhTCc9wGKoDnaG3XfXPO2Z3uY
Tue Dec 11 14:40:53 2018: GD1 write to: api.telegram.org/bot653982692:AAFuir8ehIWhTCc9wGKoDnaG3XfXPO2Z3uY
Tue Dec 11 14:40:53 2018: GD2 write to: api.telegram.org/bot653982692:AAFuir8ehIWhTCc9wGKoDnaG3XfXPO2Z3uY
Tue Dec 11 14:40:54 2018: GD1 write to: api.telegram.org/bot653982692:AAFuir8ehIWhTCc9wGKoDnaG3XfXPO2Z3uY
Tue Dec 11 14:40:55 2018: GD2 write to: api.telegram.org/bot653982692:AAFuir8ehIWhTCc9wGKoDnaG3XfXPO2Z3uY
Tue Dec 11 14:40:55 2018: GD1 write to: api.telegram.org/bot653982692:AAFuir8ehIWhTCc9wGKoDnaG3XfXPO2Z3uY
Tue Dec 11 14:40:56 2018: GD2 write to: api.telegram.org/bot653982692:AAFuir8ehIWhTCc9wGKoDnaG3XfXPO2Z3uY
Tue Dec 11 14:40:57 2018: GD1 write to: api.telegram.org/bot653982692:AAFuir8ehIWhTCc9wGKoDnaG3XfXPO2Z3uY
Tue Dec 11 14:40:58 2018: GD2 write to: api.telegram.org/bot653982692:AAFuir8ehIWhTCc9wGKoDnaG3XfXPO2Z3uY
Tue Dec 11 14:40:58 2018: GD1 write to: api.telegram.org/bot653982692:AAFuir8ehIWhTCc9wGKoDnaG3XfXPO2Z3uY
Tue Dec 11 14:40:59 2018: GD2 write to: api.telegram.org/bot653982692:AAFuir8ehIWhTCc9wGKoDnaG3XfXPO2Z3uY
Tue Dec 11 14:49:44 2018: logMonitor Starting
Tue Dec 11 14:49:54 2018: GD1 write to: api.telegram.org/bot653982692:AAFuir8ehIWhTCc9wGKoDnaG3XfXPO2Z3uY
Tue Dec 11 14:49:55 2018: GD2 write to: api.telegram.org/bot653982692:AAFuir8ehIWhTCc9wGKoDnaG3XfXPO2Z3uY
